<?xml version="1.0" encoding="UTF-8"?>
<!-- Generated by org.testng.reporters.JUnitReportReporter -->
<testsuite hostname="BIKASH" failures="0" tests="5" name="Task.KervDigTask_TestNG" time="34.219" errors="0" timestamp="2023-08-22T03:48:26 IST" skipped="0">
  <testcase classname="Task.KervDigTask_TestNG" name="setup" time="10.242"/>
  <testcase classname="Task.KervDigTask_TestNG" name="careers" time="6.201"/>
  <testcase classname="Task.KervDigTask_TestNG" name="applyFilter" time="8.797"/>
  <testcase classname="Task.KervDigTask_TestNG" name="applyJob" time="8.750"/>
  <testcase classname="Task.KervDigTask_TestNG" name="tearDown" time="0.229"/>
</testsuite> <!-- Task.KervDigTask_TestNG -->
